<?xml version="1.0" encoding="UTF-8"?>
<testng-results ignored="0" total="3" passed="3" failed="0" skipped="0">
  <reporter-output>
    <line>
      <![CDATA[test case startedtc2]]>
    </line>
    <line>
      <![CDATA[test case executed successfullytc2]]>
    </line>
    <line>
      <![CDATA[test case startedtc1]]>
    </line>
    <line>
      <![CDATA[test case executed successfullytc1]]>
    </line>
    <line>
      <![CDATA[test case startedtc3]]>
    </line>
    <line>
      <![CDATA[test case executed successfullytc3]]>
    </line>
  </reporter-output>
  <suite started-at="2022-12-16T11:56:16 IST" name="Suite" finished-at="2022-12-16T11:57:49 IST" duration-ms="93246">
    <groups>
    </groups>
    <test started-at="2022-12-16T11:56:16 IST" name="Test" finished-at="2022-12-16T11:57:49 IST" duration-ms="93246">
      <class name="testcases.TestCase3">
        <test-method is-config="true" signature="Openapp()[pri:0, instance:testcases.TestCase3@4efac082]" started-at="2022-12-16T11:57:15 IST" name="Openapp" finished-at="2022-12-16T11:57:23 IST" duration-ms="8457" status="PASS">
          <reporter-output>
          </reporter-output>
        </test-method> <!-- Openapp -->
        <test-method is-config="true" signature="Login()[pri:0, instance:testcases.TestCase3@4efac082]" started-at="2022-12-16T11:57:23 IST" name="Login" finished-at="2022-12-16T11:57:24 IST" duration-ms="244" status="PASS">
          <reporter-output>
          </reporter-output>
        </test-method> <!-- Login -->
        <test-method signature="tc3()[pri:0, instance:testcases.TestCase3@4efac082]" started-at="2022-12-16T11:57:24 IST" name="tc3" finished-at="2022-12-16T11:57:31 IST" duration-ms="7155" status="PASS">
          <reporter-output>
            <line>
              <![CDATA[test case startedtc3]]>
            </line>
            <line>
              <![CDATA[test case executed successfullytc3]]>
            </line>
          </reporter-output>
        </test-method> <!-- tc3 -->
        <test-method is-config="true" signature="Logout()[pri:0, instance:testcases.TestCase3@4efac082]" started-at="2022-12-16T11:57:31 IST" name="Logout" finished-at="2022-12-16T11:57:33 IST" duration-ms="1946" status="PASS">
          <reporter-output>
          </reporter-output>
        </test-method> <!-- Logout -->
        <test-method is-config="true" signature="Closeapp()[pri:0, instance:testcases.TestCase3@4efac082]" started-at="2022-12-16T11:57:33 IST" name="Closeapp" finished-at="2022-12-16T11:57:49 IST" duration-ms="16263" status="PASS">
          <reporter-output>
          </reporter-output>
        </test-method> <!-- Closeapp -->
      </class> <!-- testcases.TestCase3 -->
      <class name="testcases.TestCase2">
        <test-method is-config="true" signature="Openapp()[pri:0, instance:testcases.TestCase2@2dc54ad4]" started-at="2022-12-16T11:56:16 IST" name="Openapp" finished-at="2022-12-16T11:56:30 IST" duration-ms="14239" status="PASS">
          <reporter-output>
          </reporter-output>
        </test-method> <!-- Openapp -->
        <test-method is-config="true" signature="Login()[pri:0, instance:testcases.TestCase2@2dc54ad4]" started-at="2022-12-16T11:56:30 IST" name="Login" finished-at="2022-12-16T11:56:30 IST" duration-ms="241" status="PASS">
          <reporter-output>
          </reporter-output>
        </test-method> <!-- Login -->
        <test-method signature="tc2()[pri:0, instance:testcases.TestCase2@2dc54ad4]" started-at="2022-12-16T11:56:30 IST" name="tc2" finished-at="2022-12-16T11:56:40 IST" duration-ms="9520" status="PASS">
          <reporter-output>
            <line>
              <![CDATA[test case startedtc2]]>
            </line>
            <line>
              <![CDATA[test case executed successfullytc2]]>
            </line>
          </reporter-output>
        </test-method> <!-- tc2 -->
        <test-method is-config="true" signature="Logout()[pri:0, instance:testcases.TestCase2@2dc54ad4]" started-at="2022-12-16T11:56:40 IST" name="Logout" finished-at="2022-12-16T11:56:43 IST" duration-ms="2911" status="PASS">
          <reporter-output>
          </reporter-output>
        </test-method> <!-- Logout -->
        <test-method is-config="true" signature="Closeapp()[pri:0, instance:testcases.TestCase2@2dc54ad4]" started-at="2022-12-16T11:56:43 IST" name="Closeapp" finished-at="2022-12-16T11:56:43 IST" duration-ms="148" status="PASS">
          <reporter-output>
          </reporter-output>
        </test-method> <!-- Closeapp -->
      </class> <!-- testcases.TestCase2 -->
      <class name="testcases.Testcase1">
        <test-method is-config="true" signature="Openapp()[pri:0, instance:testcases.Testcase1@59505b48]" started-at="2022-12-16T11:56:43 IST" name="Openapp" finished-at="2022-12-16T11:56:53 IST" duration-ms="9605" status="PASS">
          <reporter-output>
          </reporter-output>
        </test-method> <!-- Openapp -->
        <test-method is-config="true" signature="Login()[pri:0, instance:testcases.Testcase1@59505b48]" started-at="2022-12-16T11:56:53 IST" name="Login" finished-at="2022-12-16T11:56:53 IST" duration-ms="233" status="PASS">
          <reporter-output>
          </reporter-output>
        </test-method> <!-- Login -->
        <test-method signature="tc1()[pri:0, instance:testcases.Testcase1@59505b48]" started-at="2022-12-16T11:56:53 IST" name="tc1" finished-at="2022-12-16T11:56:57 IST" duration-ms="4498" status="PASS">
          <reporter-output>
            <line>
              <![CDATA[test case startedtc1]]>
            </line>
            <line>
              <![CDATA[test case executed successfullytc1]]>
            </line>
          </reporter-output>
        </test-method> <!-- tc1 -->
        <test-method is-config="true" signature="Logout()[pri:0, instance:testcases.Testcase1@59505b48]" started-at="2022-12-16T11:56:57 IST" name="Logout" finished-at="2022-12-16T11:56:59 IST" duration-ms="1480" status="PASS">
          <reporter-output>
          </reporter-output>
        </test-method> <!-- Logout -->
        <test-method is-config="true" signature="Closeapp()[pri:0, instance:testcases.Testcase1@59505b48]" started-at="2022-12-16T11:56:59 IST" name="Closeapp" finished-at="2022-12-16T11:57:15 IST" duration-ms="16249" status="PASS">
          <reporter-output>
          </reporter-output>
        </test-method> <!-- Closeapp -->
      </class> <!-- testcases.Testcase1 -->
    </test> <!-- Test -->
  </suite> <!-- Suite -->
</testng-results>
